2022-11-01 16:24:01.996  INFO 33276 --- [restartedMain] o.s.b.w.embedded.tomcat.TomcatWebServer  : Tomcat initialized with port(s): 8080 (http)
2022-11-01 16:24:01.999  INFO 33276 --- [restartedMain] o.apache.catalina.core.StandardService   : Starting service [Tomcat]
2022-11-01 16:24:02.000  INFO 33276 --- [restartedMain] org.apache.catalina.core.StandardEngine  : Starting Servlet engine: [Apache Tomcat/9.0.19]
2022-11-01 16:24:02.082  INFO 33276 --- [restartedMain] o.a.c.c.C.[Tomcat].[localhost].[/]       : Initializing Spring embedded WebApplicationContext
2022-11-01 16:24:02.083  INFO 33276 --- [restartedMain] o.s.web.context.ContextLoader            : Root WebApplicationContext: initialization completed in 1054 ms
2022-11-01 16:24:02.218  INFO 33276 --- [restartedMain] o.s.s.concurrent.ThreadPoolTaskExecutor  : Initializing ExecutorService 'applicationTaskExecutor'
2022-11-01 16:24:02.355  INFO 33276 --- [restartedMain] o.s.b.d.a.OptionalLiveReloadServer       : LiveReload server is running on port 35729
2022-11-01 16:24:02.383  INFO 33276 --- [restartedMain] o.s.b.w.embedded.tomcat.TomcatWebServer  : Tomcat started on port(s): 8080 (http) with context path ''
2022-11-01 16:24:02.385  WARN 33276 --- [restartedMain] com.rubypaper.LoggingRunner              : WARN 로그 메시지
2022-11-01 16:24:02.386 ERROR 33276 --- [restartedMain] com.rubypaper.LoggingRunner              : ERROR 로그 메시지
2022-11-01 16:24:02.389  INFO 33276 --- [restartedMain] .ConditionEvaluationDeltaLoggingListener : Condition evaluation unchanged
2022-11-01 16:24:21.665  INFO 33276 --- [Thread-9] o.s.s.concurrent.ThreadPoolTaskExecutor  : Shutting down ExecutorService 'applicationTaskExecutor'
2022-11-01 16:24:24.358  INFO 33276 --- [restartedMain] o.s.b.w.embedded.tomcat.TomcatWebServer  : Tomcat initialized with port(s): 8080 (http)
2022-11-01 16:24:24.360  INFO 33276 --- [restartedMain] o.apache.catalina.core.StandardService   : Starting service [Tomcat]
2022-11-01 16:24:24.361  INFO 33276 --- [restartedMain] org.apache.catalina.core.StandardEngine  : Starting Servlet engine: [Apache Tomcat/9.0.19]
2022-11-01 16:24:24.563  INFO 33276 --- [restartedMain] o.a.c.c.C.[Tomcat].[localhost].[/]       : Initializing Spring embedded WebApplicationContext
2022-11-01 16:24:24.564  INFO 33276 --- [restartedMain] o.s.web.context.ContextLoader            : Root WebApplicationContext: initialization completed in 1100 ms
2022-11-01 16:24:24.691  INFO 33276 --- [restartedMain] o.s.s.concurrent.ThreadPoolTaskExecutor  : Initializing ExecutorService 'applicationTaskExecutor'
2022-11-01 16:24:24.811  INFO 33276 --- [restartedMain] o.s.b.d.a.OptionalLiveReloadServer       : LiveReload server is running on port 35729
2022-11-01 16:24:24.834  INFO 33276 --- [restartedMain] o.s.b.w.embedded.tomcat.TomcatWebServer  : Tomcat started on port(s): 8080 (http) with context path ''
2022-11-01 16:24:24.836  WARN 33276 --- [restartedMain] com.rubypaper.LoggingRunner              : WARN 로그 메시지
2022-11-01 16:24:24.837 ERROR 33276 --- [restartedMain] com.rubypaper.LoggingRunner              : ERROR 로그 메시지
2022-11-01 16:24:24.839  INFO 33276 --- [restartedMain] .ConditionEvaluationDeltaLoggingListener : Condition evaluation unchanged
